[00:14:53] [ServerMain/INFO]: Building unoptimized datafixer
[00:14:54] [ServerMain/INFO]: Environment: authHost='https://authserver.mojang.com', accountsHost='https://api.mojang.com', sessionHost='https://sessionserver.mojang.com', servicesHost='https://api.minecraftservices.com', name='PROD'
[00:14:55] [ServerMain/INFO]: Loaded 7 recipes
[00:14:56] [ServerMain/INFO]: Loaded 1179 advancements
[00:14:56] [Server thread/INFO]: Starting minecraft server version 1.19.2
[00:14:56] [Server thread/INFO]: Loading properties
[00:14:56] [Server thread/INFO]: Default game type: SURVIVAL
[00:14:56] [Server thread/INFO]: Generating keypair
[00:14:57] [Server thread/INFO]: Starting Minecraft server on *:25565
[00:14:57] [Server thread/INFO]: Using epoll channel type
[00:14:57] [Server thread/WARN]: **** SERVER IS RUNNING IN OFFLINE/INSECURE MODE!
[00:14:57] [Server thread/WARN]: The server will make no attempt to authenticate usernames. Beware.
[00:14:57] [Server thread/WARN]: While this makes the game possible to play without internet access, it also opens up the ability for hackers to connect with any username they choose.
[00:14:57] [Server thread/WARN]: To change this, set "online-mode" to "true" in the server.properties file.
[00:14:57] [Server thread/INFO]: Preparing level "world"
[00:15:10] [Server thread/INFO]: Preparing start region for dimension minecraft:overworld
[00:15:11] [Worker-Main-3/INFO]: Preparing spawn area: 0%
[00:15:11] [Worker-Main-2/INFO]: Preparing spawn area: 0%
[00:15:11] [Worker-Main-3/INFO]: Preparing spawn area: 0%
[00:15:12] [Worker-Main-2/INFO]: Preparing spawn area: 0%
[00:15:12] [Worker-Main-2/INFO]: Preparing spawn area: 0%
[00:15:13] [Worker-Main-2/INFO]: Preparing spawn area: 0%
[00:15:13] [Worker-Main-3/INFO]: Preparing spawn area: 0%
[00:15:14] [Worker-Main-2/INFO]: Preparing spawn area: 1%
[00:15:14] [Worker-Main-1/INFO]: Preparing spawn area: 2%
[00:15:15] [Worker-Main-3/INFO]: Preparing spawn area: 2%
[00:15:15] [Worker-Main-2/INFO]: Preparing spawn area: 4%
[00:15:16] [Worker-Main-1/INFO]: Preparing spawn area: 4%
[00:15:16] [Worker-Main-3/INFO]: Preparing spawn area: 5%
[00:15:17] [Worker-Main-3/INFO]: Preparing spawn area: 6%
[00:15:17] [Worker-Main-2/INFO]: Preparing spawn area: 9%
[00:15:18] [Worker-Main-2/INFO]: Preparing spawn area: 9%
[00:15:18] [Worker-Main-3/INFO]: Preparing spawn area: 10%
[00:15:19] [Worker-Main-2/INFO]: Preparing spawn area: 12%
[00:15:19] [Worker-Main-1/INFO]: Preparing spawn area: 13%
[00:15:20] [Worker-Main-3/INFO]: Preparing spawn area: 15%
[00:15:20] [Worker-Main-2/INFO]: Preparing spawn area: 17%
[00:15:21] [Worker-Main-3/INFO]: Preparing spawn area: 18%
[00:15:21] [Worker-Main-3/INFO]: Preparing spawn area: 20%
[00:15:22] [Worker-Main-3/INFO]: Preparing spawn area: 22%
[00:15:22] [Worker-Main-1/INFO]: Preparing spawn area: 23%
[00:15:23] [Worker-Main-3/INFO]: Preparing spawn area: 25%
[00:15:23] [Worker-Main-1/INFO]: Preparing spawn area: 27%
[00:15:24] [Worker-Main-2/INFO]: Preparing spawn area: 28%
[00:15:24] [Worker-Main-3/INFO]: Preparing spawn area: 31%
[00:15:25] [Worker-Main-1/INFO]: Preparing spawn area: 33%
[00:15:25] [Worker-Main-1/INFO]: Preparing spawn area: 35%
[00:15:26] [Worker-Main-2/INFO]: Preparing spawn area: 37%
[00:15:26] [Worker-Main-1/INFO]: Preparing spawn area: 38%
[00:15:27] [Worker-Main-3/INFO]: Preparing spawn area: 42%
[00:15:27] [Worker-Main-3/INFO]: Preparing spawn area: 43%
[00:15:28] [Worker-Main-3/INFO]: Preparing spawn area: 44%
[00:15:28] [Worker-Main-3/INFO]: Preparing spawn area: 47%
[00:15:29] [Worker-Main-2/INFO]: Preparing spawn area: 48%
[00:15:29] [Worker-Main-1/INFO]: Preparing spawn area: 52%
[00:15:30] [Worker-Main-3/INFO]: Preparing spawn area: 54%
[00:15:30] [Worker-Main-2/INFO]: Preparing spawn area: 55%
[00:15:31] [Worker-Main-2/INFO]: Preparing spawn area: 58%
[00:15:31] [Worker-Main-1/INFO]: Preparing spawn area: 59%
[00:15:32] [Worker-Main-1/INFO]: Preparing spawn area: 62%
[00:15:32] [Worker-Main-2/INFO]: Preparing spawn area: 65%
[00:15:33] [Worker-Main-3/INFO]: Preparing spawn area: 67%
[00:15:33] [Worker-Main-3/INFO]: Preparing spawn area: 68%
[00:15:34] [Worker-Main-2/INFO]: Preparing spawn area: 71%
[00:15:34] [Worker-Main-3/INFO]: Preparing spawn area: 74%
[00:15:35] [Worker-Main-2/INFO]: Preparing spawn area: 75%
[00:15:35] [Worker-Main-1/INFO]: Preparing spawn area: 78%
[00:15:36] [Worker-Main-3/INFO]: Preparing spawn area: 81%
[00:15:36] [Worker-Main-1/INFO]: Preparing spawn area: 83%
[00:15:37] [Worker-Main-1/INFO]: Preparing spawn area: 84%
[00:15:37] [Worker-Main-1/INFO]: Preparing spawn area: 88%
[00:15:38] [Worker-Main-1/INFO]: Preparing spawn area: 90%
[00:15:38] [Worker-Main-3/INFO]: Preparing spawn area: 93%
[00:15:40] [Worker-Main-3/INFO]: Preparing spawn area: 95%
[00:15:40] [Worker-Main-3/INFO]: Preparing spawn area: 95%
[00:15:40] [Worker-Main-3/INFO]: Preparing spawn area: 95%
[00:15:40] [Worker-Main-2/INFO]: Preparing spawn area: 98%
[00:15:41] [Server thread/INFO]: Time elapsed: 30423 ms
[00:15:41] [Server thread/INFO]: Done (43.883s)! For help, type "help"
[00:16:02] [Server thread/INFO]: Sawakita123[/127.80.145.253:59927] logged in with entity id 367 at (-3.5, 82.0, -76.5)
[00:16:03] [Server thread/INFO]: Sawakita123 joined the game
[00:16:20] [Server thread/INFO]: Sawakita123 lost connection: Disconnected
[00:16:20] [Server thread/INFO]: Sawakita123 left the game
